$ next build
▲ Next.js 16.2.6 (Turbopack)

  Creating an optimized production build ...
✓ Compiled successfully in 2.5s
  Running TypeScript ...
  Finished TypeScript in 1775ms ...
  Collecting page data using 11 workers ...
  Generating static pages using 11 workers (0/12) ...
  Generating static pages using 11 workers (3/12) 
  Generating static pages using 11 workers (6/12) 
  Generating static pages using 11 workers (9/12) 
✓ Generating static pages using 11 workers (12/12) in 228ms
  Finalizing page optimization ...

Route (app)
┌ ƒ /
├ ○ /_not-found
├ ƒ /audit
├ ƒ /backups
├ ƒ /backups/[id]
├ ƒ /dashboard
├ ƒ /databases
├ ƒ /databases/[id]
├ ○ /databases/new
├ ƒ /jobs
├ ƒ /jobs/[id]
├ ○ /login
├ ○ /setup
└ ƒ /system


○  (Static)   prerendered as static content
ƒ  (Dynamic)  server-rendered on demand

